<?xml version="1.0" encoding="UTF-8"?>
<testng-results ignored="0" total="0" passed="0" failed="0" skipped="0">
  <reporter-output>
  </reporter-output>
  <suite started-at="2024-01-11T18:47:47 CET" name="All Test Suite" finished-at="2024-01-11T18:47:47 CET" duration-ms="20">
    <groups>
    </groups>
    <test started-at="2024-01-11T18:47:47 CET" name="C:/Users/aksoy/IdeaProjects/Selenium/JenkinsAutomationProject" finished-at="2024-01-11T18:47:47 CET" duration-ms="20">
    </test> <!-- C:/Users/aksoy/IdeaProjects/Selenium/JenkinsAutomationProject -->
  </suite> <!-- All Test Suite -->
</testng-results>
